SF:lib/model/groups/groups_model.dart
DA:23,1
DA:24,1
DA:34,1
DA:35,1
LF:4
LH:4
end_of_record
SF:lib/model/groups/groups_model.g.dart
DA:9,1
DA:10,1
DA:11,1
DA:12,1
DA:13,1
DA:14,1
DA:15,1
DA:16,1
DA:17,3
DA:18,1
DA:19,2
DA:20,2
DA:21,2
DA:23,1
DA:24,1
DA:25,1
DA:29,0
DA:30,0
DA:31,0
DA:32,0
DA:33,0
DA:34,0
DA:35,0
DA:36,0
DA:37,0
DA:38,0
DA:39,0
DA:40,0
DA:49,1
DA:50,1
DA:51,1
DA:52,2
DA:55,0
DA:56,0
DA:57,0
DA:58,0
LF:36
LH:20
end_of_record
SF:lib/model/users/users_model.dart
DA:44,0
DA:45,0
LF:2
LH:0
end_of_record
SF:lib/model/users/users_model.g.dart
DA:9,0
DA:10,0
DA:11,0
DA:12,0
DA:13,0
DA:14,0
DA:15,0
DA:16,0
DA:17,0
DA:18,0
DA:19,0
DA:20,0
DA:21,0
DA:22,0
DA:23,0
DA:24,0
DA:25,0
DA:26,0
DA:27,0
DA:29,0
DA:30,0
DA:31,0
DA:33,0
DA:34,0
DA:35,0
DA:36,0
DA:37,0
DA:40,0
DA:41,0
DA:42,0
DA:43,0
DA:44,0
DA:45,0
DA:46,0
DA:47,0
DA:48,0
DA:49,0
DA:50,0
DA:51,0
DA:52,0
DA:53,0
DA:54,0
DA:55,0
DA:56,0
DA:57,0
DA:58,0
DA:59,0
DA:60,0
DA:61,0
DA:62,0
LF:50
LH:0
end_of_record
SF:lib/providers/auth_provider.dart
DA:19,0
DA:23,0
DA:29,0
DA:30,0
DA:31,0
DA:34,0
DA:36,0
DA:38,0
DA:40,0
DA:41,0
DA:43,0
DA:45,0
DA:46,0
DA:51,0
DA:53,0
DA:54,0
DA:55,0
DA:56,0
DA:58,0
DA:59,0
DA:65,0
DA:66,0
DA:67,0
DA:68,0
DA:72,0
DA:73,0
DA:76,0
DA:78,0
DA:79,0
DA:82,0
DA:83,0
DA:87,0
DA:88,0
DA:89,0
DA:90,0
DA:93,0
DA:96,0
DA:97,0
DA:98,0
DA:101,0
DA:106,0
DA:107,0
DA:108,0
DA:115,0
DA:117,0
DA:118,0
DA:121,0
DA:124,0
DA:125,0
DA:130,0
DA:131,0
DA:136,0
DA:137,0
DA:142,0
DA:148,0
DA:149,0
DA:151,0
DA:158,0
DA:162,0
DA:163,0
DA:166,0
DA:169,0
DA:170,0
DA:175,0
DA:176,0
DA:180,0
DA:181,0
DA:186,0
DA:193,0
DA:194,0
DA:196,0
DA:204,0
DA:207,0
DA:208,0
DA:211,0
DA:214,0
DA:215,0
DA:220,0
DA:221,0
DA:225,0
DA:226,0
DA:231,0
DA:233,0
DA:235,0
DA:236,0
LF:85
LH:0
end_of_record
SF:lib/service/firebase_service.dart
DA:15,0
DA:16,0
DA:19,0
DA:20,0
DA:21,0
DA:22,0
DA:23,0
LF:7
LH:0
end_of_record
SF:lib/screen/auth/forgot_password_screen.dart
DA:12,1
DA:14,1
DA:16,1
DA:22,1
DA:24,1
DA:25,2
DA:28,0
DA:29,0
DA:30,0
DA:31,0
DA:32,0
DA:33,0
DA:36,0
DA:37,0
DA:44,0
DA:45,0
DA:48,0
DA:49,0
DA:50,0
DA:51,0
DA:52,0
DA:56,0
DA:57,0
DA:65,1
DA:67,1
DA:68,1
DA:69,1
DA:70,1
DA:71,1
DA:73,1
DA:75,1
DA:79,1
DA:80,1
DA:82,1
DA:83,1
DA:85,1
DA:86,2
DA:90,1
DA:92,1
DA:93,2
DA:95,3
DA:99,1
DA:101,1
DA:102,1
DA:103,1
DA:105,3
DA:109,1
DA:112,0
DA:114,1
DA:116,2
DA:118,1
DA:119,2
DA:120,4
DA:124,1
DA:125,1
DA:127,1
DA:128,1
DA:138,1
DA:141,1
DA:142,1
DA:143,1
DA:144,1
DA:146,1
DA:148,1
DA:149,1
DA:153,1
DA:154,1
DA:157,1
DA:168,1
DA:169,1
DA:170,1
DA:172,1
DA:173,1
DA:174,1
DA:175,1
LF:75
LH:57
end_of_record
SF:lib/utils/theme.dart
DA:11,3
DA:34,1
DA:39,0
DA:62,0
LF:4
LH:2
end_of_record
SF:lib/utils/form_validator.dart
DA:2,0
DA:3,0
DA:7,0
DA:11,0
DA:18,0
DA:19,0
DA:23,0
DA:27,0
DA:31,0
DA:32,0
DA:39,0
DA:40,0
DA:44,0
LF:13
LH:0
end_of_record
SF:lib/model/comment/comments_model.dart
DA:37,0
DA:38,0
LF:2
LH:0
end_of_record
SF:lib/model/comment/comments_model.g.dart
DA:9,0
DA:10,0
DA:11,0
DA:12,0
DA:13,0
DA:14,0
DA:15,0
DA:16,0
DA:18,0
DA:19,0
DA:20,0
DA:21,0
DA:23,0
DA:24,0
DA:25,0
DA:27,0
DA:28,0
DA:29,0
DA:30,0
DA:32,0
DA:33,0
DA:34,0
DA:38,0
DA:39,0
DA:40,0
DA:41,0
DA:42,0
DA:43,0
DA:44,0
DA:45,0
DA:46,0
DA:47,0
DA:48,0
DA:49,0
DA:50,0
DA:51,0
DA:52,0
DA:53,0
LF:38
LH:0
end_of_record
SF:lib/model/metrics/comment_metrics.dart
DA:31,0
DA:32,0
LF:2
LH:0
end_of_record
SF:lib/model/metrics/comment_metrics.g.dart
DA:9,0
DA:10,0
DA:11,0
DA:12,0
DA:13,0
DA:14,0
DA:15,0
DA:16,0
DA:18,0
DA:19,0
DA:21,0
DA:22,0
DA:23,0
DA:24,0
DA:25,0
DA:28,0
DA:30,0
DA:31,0
DA:32,0
DA:33,0
DA:34,0
DA:35,0
DA:36,0
DA:38,0
DA:39,0
DA:40,0
DA:41,0
DA:42,0
LF:28
LH:0
end_of_record
SF:lib/model/metrics/post_metrics.dart
DA:38,0
DA:39,0
LF:2
LH:0
end_of_record
SF:lib/model/metrics/post_metrics.g.dart
DA:9,0
DA:11,0
DA:12,0
DA:13,0
DA:15,0
DA:17,0
DA:18,0
DA:19,0
DA:21,0
DA:22,0
DA:23,0
DA:24,0
DA:25,0
DA:26,0
DA:27,0
DA:28,0
DA:29,0
DA:30,0
DA:33,1
DA:35,1
DA:36,1
DA:37,1
DA:38,1
DA:39,1
DA:40,1
DA:41,1
DA:42,1
DA:43,1
DA:44,1
DA:45,1
DA:46,1
DA:47,1
DA:48,1
DA:49,1
LF:34
LH:16
end_of_record
SF:lib/model/posts/posts_model.dart
DA:37,0
DA:38,0
LF:2
LH:0
end_of_record
SF:lib/model/posts/posts_model.g.dart
DA:9,0
DA:10,0
DA:11,0
DA:12,0
DA:13,0
DA:14,0
DA:15,0
DA:16,0
DA:17,0
DA:18,0
DA:20,0
DA:21,0
DA:23,0
DA:24,0
DA:26,0
DA:29,0
DA:31,0
DA:32,0
DA:33,0
DA:34,0
DA:35,0
DA:36,0
DA:40,0
DA:41,0
DA:42,0
DA:43,0
DA:44,0
DA:45,0
DA:46,0
DA:47,0
DA:48,0
DA:49,0
DA:50,0
DA:51,0
DA:52,0
DA:53,0
DA:54,0
DA:55,0
DA:56,0
LF:39
LH:0
end_of_record
SF:lib/service/internet_connectivity_service.dart
DA:5,0
DA:7,0
DA:9,0
DA:14,0
LF:4
LH:0
end_of_record
