SF:lib/model/users/users_model.dart
DA:51,0
DA:52,0
LF:2
LH:0
end_of_record
SF:lib/model/users/users_model.g.dart
DA:9,0
DA:10,0
DA:11,0
DA:12,0
DA:13,0
DA:14,0
DA:15,0
DA:16,0
DA:17,0
DA:18,0
DA:19,0
DA:20,0
DA:21,0
DA:22,0
DA:23,0
DA:24,0
DA:25,0
DA:26,0
DA:28,0
DA:29,0
DA:30,0
DA:32,0
DA:33,0
DA:34,0
DA:35,0
DA:36,0
DA:38,0
DA:39,0
DA:40,0
DA:43,0
DA:44,0
DA:45,0
DA:46,0
DA:47,0
DA:48,0
DA:49,0
DA:50,0
DA:51,0
DA:52,0
DA:53,0
DA:54,0
DA:55,0
DA:56,0
DA:57,0
DA:58,0
DA:59,0
DA:60,0
DA:61,0
DA:62,0
DA:63,0
DA:64,0
DA:65,0
DA:66,0
LF:53
LH:0
end_of_record
SF:lib/providers/auth_provider.dart
DA:16,0
DA:18,0
DA:19,0
DA:20,0
DA:21,0
DA:24,0
DA:30,0
DA:34,0
DA:40,0
DA:41,0
DA:42,0
DA:45,0
DA:46,0
DA:47,0
DA:50,0
DA:51,0
DA:54,0
DA:55,0
DA:58,0
DA:60,0
DA:61,0
DA:62,0
DA:65,0
DA:66,0
DA:68,0
DA:69,0
DA:71,0
DA:76,0
DA:77,0
DA:79,0
DA:80,0
DA:81,0
DA:82,0
DA:84,0
DA:85,0
DA:91,0
DA:93,0
DA:95,0
DA:97,0
DA:100,0
DA:101,0
DA:105,0
DA:106,0
DA:107,0
DA:108,0
DA:109,0
DA:110,0
DA:113,0
DA:116,0
DA:117,0
DA:118,0
DA:121,0
DA:125,0
DA:127,0
DA:128,0
DA:129,0
DA:136,0
DA:138,0
DA:140,0
DA:141,0
DA:144,0
DA:147,0
DA:148,0
DA:153,0
DA:154,0
DA:156,0
DA:159,0
DA:164,0
DA:169,0
DA:171,0
DA:172,0
DA:174,0
DA:181,0
DA:184,0
DA:187,0
DA:188,0
DA:191,0
DA:194,0
DA:195,0
DA:200,0
DA:201,0
DA:203,0
DA:206,0
DA:211,0
DA:217,0
DA:219,0
DA:220,0
DA:222,0
DA:230,0
DA:232,0
DA:235,0
DA:236,0
DA:239,0
DA:242,0
DA:243,0
DA:248,0
DA:249,0
DA:251,0
DA:254,0
DA:259,0
DA:260,0
DA:262,0
DA:263,0
DA:265,0
LF:104
LH:0
end_of_record
SF:lib/service/firebase_service.dart
DA:15,0
DA:16,0
DA:19,0
DA:20,0
DA:21,0
DA:22,0
DA:23,0
LF:7
LH:0
end_of_record
SF:lib/service/internet_connectivity_service.dart
DA:5,0
DA:7,0
DA:9,0
DA:14,0
LF:4
LH:0
end_of_record
SF:lib/utils/logger.dart
DA:4,0
DA:5,0
LF:2
LH:0
end_of_record
SF:lib/model/groups/groups_model.dart
DA:23,1
DA:24,1
DA:34,1
DA:35,1
LF:4
LH:4
end_of_record
SF:lib/model/groups/groups_model.g.dart
DA:9,2
DA:10,1
DA:11,1
DA:12,1
DA:13,1
DA:14,1
DA:15,1
DA:16,3
DA:17,1
DA:18,2
DA:19,2
DA:20,2
DA:22,1
DA:23,1
DA:24,1
DA:28,0
DA:29,0
DA:30,0
DA:31,0
DA:32,0
DA:33,0
DA:34,0
DA:35,0
DA:36,0
DA:37,0
DA:38,0
DA:39,0
DA:48,2
DA:49,1
DA:50,2
DA:53,0
DA:54,0
DA:55,0
DA:56,0
LF:34
LH:18
end_of_record
SF:lib/model/comment/comments_model.dart
DA:37,0
DA:38,0
LF:2
LH:0
end_of_record
SF:lib/model/comment/comments_model.g.dart
DA:9,0
DA:10,0
DA:11,0
DA:12,0
DA:13,0
DA:14,0
DA:15,0
DA:16,0
DA:18,0
DA:19,0
DA:20,0
DA:21,0
DA:23,0
DA:24,0
DA:25,0
DA:27,0
DA:28,0
DA:29,0
DA:30,0
DA:32,0
DA:33,0
DA:34,0
DA:38,0
DA:39,0
DA:40,0
DA:41,0
DA:42,0
DA:43,0
DA:44,0
DA:45,0
DA:46,0
DA:47,0
DA:48,0
DA:49,0
DA:50,0
DA:51,0
DA:52,0
DA:53,0
LF:38
LH:0
end_of_record
SF:lib/model/metrics/comment_metrics.dart
DA:31,0
DA:32,0
LF:2
LH:0
end_of_record
SF:lib/model/metrics/comment_metrics.g.dart
DA:9,0
DA:10,0
DA:11,0
DA:12,0
DA:13,0
DA:14,0
DA:15,0
DA:16,0
DA:18,0
DA:19,0
DA:21,0
DA:22,0
DA:23,0
DA:24,0
DA:25,0
DA:28,0
DA:29,0
DA:30,0
DA:31,0
DA:32,0
DA:33,0
DA:34,0
DA:35,0
DA:37,0
DA:38,0
DA:39,0
DA:40,0
DA:41,0
LF:28
LH:0
end_of_record
SF:lib/model/metrics/post_metrics.dart
DA:38,0
DA:39,0
LF:2
LH:0
end_of_record
SF:lib/model/metrics/post_metrics.g.dart
DA:9,0
DA:11,0
DA:12,0
DA:13,0
DA:15,0
DA:17,0
DA:18,0
DA:19,0
DA:21,0
DA:22,0
DA:23,0
DA:24,0
DA:25,0
DA:26,0
DA:27,0
DA:28,0
DA:29,0
DA:30,0
DA:33,1
DA:35,1
DA:36,1
DA:37,1
DA:38,1
DA:39,1
DA:40,1
DA:41,1
DA:42,1
DA:43,1
DA:44,1
DA:45,1
DA:46,1
DA:47,1
DA:48,1
DA:49,1
LF:34
LH:16
end_of_record
SF:lib/model/posts/posts_model.dart
DA:37,0
DA:38,0
LF:2
LH:0
end_of_record
SF:lib/model/posts/posts_model.g.dart
DA:9,0
DA:10,0
DA:11,0
DA:12,0
DA:13,0
DA:14,0
DA:15,0
DA:16,0
DA:17,0
DA:19,0
DA:20,0
DA:22,0
DA:23,0
DA:25,0
DA:28,0
DA:30,0
DA:31,0
DA:32,0
DA:33,0
DA:34,0
DA:35,0
DA:39,0
DA:40,0
DA:41,0
DA:42,0
DA:43,0
DA:44,0
DA:45,0
DA:46,0
DA:47,0
DA:48,0
DA:49,0
DA:50,0
DA:51,0
DA:52,0
DA:53,0
DA:54,0
DA:55,0
LF:38
LH:0
end_of_record
SF:lib/l10n/app_localizations.dart
DA:65,1
DA:66,2
DA:70,1
DA:71,1
DA:1094,1
DA:1096,1
DA:1098,2
DA:1101,1
DA:1103,3
DA:1105,0
DA:1109,1
DA:1111,1
DA:1112,1
DA:1113,1
DA:1114,0
DA:1115,0
DA:1118,0
LF:17
LH:13
end_of_record
SF:lib/screen/auth/forgot_password_screen.dart
DA:12,1
DA:14,1
DA:16,1
DA:22,1
DA:24,1
DA:25,2
DA:28,0
DA:29,0
DA:30,0
DA:31,0
DA:32,0
DA:33,0
DA:36,0
DA:37,0
DA:44,0
DA:45,0
DA:48,0
DA:49,0
DA:50,0
DA:51,0
DA:52,0
DA:56,0
DA:57,0
DA:65,1
DA:67,1
DA:68,1
DA:69,1
DA:70,1
DA:71,1
DA:73,1
DA:75,1
DA:79,1
DA:80,1
DA:82,1
DA:83,1
DA:85,1
DA:86,2
DA:89,1
DA:91,1
DA:92,2
DA:94,3
DA:98,1
DA:100,1
DA:101,1
DA:102,1
DA:104,3
DA:108,1
DA:111,0
DA:113,1
DA:115,2
DA:117,1
DA:118,2
DA:119,4
DA:123,1
DA:124,1
DA:126,1
DA:127,1
DA:137,1
DA:140,1
DA:141,1
DA:142,1
DA:143,1
DA:145,1
DA:147,1
DA:148,1
DA:152,1
DA:153,1
DA:156,1
DA:167,1
DA:168,1
DA:169,1
DA:171,1
DA:172,1
DA:173,1
DA:174,1
LF:75
LH:57
end_of_record
SF:lib/utils/theme.dart
DA:11,3
DA:34,1
DA:39,0
DA:62,0
LF:4
LH:2
end_of_record
SF:lib/l10n/app_localizations_en.dart
DA:9,2
DA:11,0
DA:14,0
DA:17,0
DA:21,0
DA:24,0
DA:27,0
DA:31,0
DA:35,1
DA:38,0
DA:41,1
DA:44,0
DA:48,0
DA:51,0
DA:54,0
DA:57,0
DA:61,1
DA:64,0
DA:68,0
DA:71,0
DA:74,0
DA:77,0
DA:81,0
DA:84,0
DA:88,0
DA:91,0
DA:95,0
DA:98,0
DA:102,0
DA:105,0
DA:109,0
DA:112,0
DA:116,0
DA:119,0
DA:123,0
DA:127,0
DA:131,0
DA:134,0
DA:137,0
DA:140,0
DA:143,0
DA:146,0
DA:149,0
DA:152,0
DA:155,0
DA:158,0
DA:161,0
DA:164,0
DA:167,0
DA:170,0
DA:173,0
DA:176,0
DA:179,0
DA:182,0
DA:185,0
DA:188,1
DA:191,1
DA:195,0
DA:198,0
DA:202,0
DA:205,0
DA:209,0
DA:211,0
DA:214,0
DA:218,0
DA:222,0
DA:226,0
DA:229,0
DA:232,0
DA:235,0
DA:238,0
DA:241,0
DA:244,0
DA:247,0
DA:250,0
DA:253,0
DA:256,0
DA:259,0
DA:262,0
DA:265,0
DA:268,0
DA:271,0
DA:274,0
DA:277,0
DA:280,0
DA:283,0
DA:286,0
DA:289,0
DA:292,0
DA:295,0
DA:298,0
DA:302,0
DA:305,0
DA:308,0
DA:311,0
DA:314,0
DA:317,0
DA:320,0
DA:323,0
DA:326,0
DA:329,0
DA:332,0
DA:335,0
DA:338,0
DA:341,0
DA:344,0
DA:347,0
DA:350,0
DA:353,0
DA:356,0
DA:359,0
DA:362,0
DA:365,0
DA:368,0
DA:371,0
DA:375,0
DA:378,0
DA:382,0
DA:385,0
DA:388,0
DA:391,0
DA:394,0
DA:397,0
DA:400,0
DA:403,0
DA:406,0
DA:409,0
DA:412,0
DA:416,0
DA:420,0
DA:424,0
DA:427,0
DA:431,0
DA:434,0
DA:437,0
DA:440,0
DA:443,0
DA:447,0
DA:450,0
DA:453,0
DA:456,0
DA:459,0
DA:462,0
DA:465,0
DA:468,0
DA:472,0
DA:475,0
DA:479,0
DA:482,0
DA:486,0
DA:489,0
DA:493,0
DA:496,0
DA:500,0
DA:503,0
DA:507,0
DA:510,0
DA:514,0
DA:517,0
DA:521,0
DA:524,0
DA:527,0
DA:530,0
DA:534,0
DA:537,0
DA:540,0
DA:543,0
LF:167
LH:6
end_of_record
SF:lib/l10n/app_localizations_ne.dart
DA:9,0
DA:11,0
DA:14,0
DA:17,0
DA:21,0
DA:24,0
DA:27,0
DA:31,0
DA:35,0
DA:38,0
DA:41,0
DA:44,0
DA:48,0
DA:51,0
DA:54,0
DA:57,0
DA:61,0
DA:64,0
DA:67,0
DA:70,0
DA:73,0
DA:76,0
DA:80,0
DA:83,0
DA:86,0
DA:89,0
DA:93,0
DA:97,0
DA:101,0
DA:104,0
DA:108,0
DA:111,0
DA:115,0
DA:118,0
DA:122,0
DA:126,0
DA:130,0
DA:133,0
DA:136,0
DA:139,0
DA:142,0
DA:145,0
DA:148,0
DA:151,0
DA:154,0
DA:157,0
DA:160,0
DA:163,0
DA:166,0
DA:169,0
DA:172,0
DA:175,0
DA:178,0
DA:181,0
DA:184,0
DA:187,0
DA:190,0
DA:194,0
DA:197,0
DA:201,0
DA:204,0
DA:208,0
DA:210,0
DA:213,0
DA:217,0
DA:221,0
DA:225,0
DA:228,0
DA:231,0
DA:234,0
DA:237,0
DA:240,0
DA:243,0
DA:246,0
DA:249,0
DA:252,0
DA:255,0
DA:258,0
DA:262,0
DA:265,0
DA:268,0
DA:271,0
DA:274,0
DA:277,0
DA:280,0
DA:283,0
DA:287,0
DA:290,0
DA:293,0
DA:296,0
DA:299,0
DA:303,0
DA:306,0
DA:309,0
DA:312,0
DA:315,0
DA:318,0
DA:321,0
DA:324,0
DA:327,0
DA:330,0
DA:333,0
DA:336,0
DA:339,0
DA:342,0
DA:345,0
DA:348,0
DA:351,0
DA:354,0
DA:357,0
DA:360,0
DA:363,0
DA:366,0
DA:369,0
DA:372,0
DA:376,0
DA:379,0
DA:383,0
DA:386,0
DA:389,0
DA:392,0
DA:395,0
DA:398,0
DA:401,0
DA:404,0
DA:407,0
DA:410,0
DA:413,0
DA:417,0
DA:420,0
DA:424,0
DA:427,0
DA:431,0
DA:434,0
DA:437,0
DA:440,0
DA:443,0
DA:447,0
DA:450,0
DA:453,0
DA:456,0
DA:459,0
DA:462,0
DA:465,0
DA:468,0
DA:472,0
DA:475,0
DA:479,0
DA:482,0
DA:485,0
DA:488,0
DA:492,0
DA:495,0
DA:499,0
DA:502,0
DA:506,0
DA:509,0
DA:513,0
DA:516,0
DA:520,0
DA:523,0
DA:526,0
DA:529,0
DA:533,0
DA:536,0
DA:539,0
DA:542,0
LF:167
LH:0
end_of_record
SF:lib/utils/form_validator.dart
DA:2,0
DA:3,0
DA:7,0
DA:11,0
DA:18,0
DA:19,0
DA:23,0
DA:27,0
DA:31,0
DA:32,0
DA:39,0
DA:40,0
DA:44,0
LF:13
LH:0
end_of_record
SF:lib/service/file_service.dart
DA:14,0
DA:17,0
DA:18,0
DA:19,0
DA:20,0
DA:25,0
DA:26,0
DA:28,0
DA:29,0
DA:31,0
DA:33,0
DA:35,0
DA:38,0
LF:13
LH:0
end_of_record
SF:lib/service/errors/file_service_errors.dart
DA:3,0
DA:5,0
DA:6,0
LF:3
LH:0
end_of_record
